0 info it worked if it ends with ok
1 verbose cli [ 'D:\\Program Files\\nodejs\\node.exe',
1 verbose cli   'D:\\Program Files\\nodejs\\node_modules\\npm\\bin\\npm-cli.js',
1 verbose cli   'run',
1 verbose cli   'dev' ]
2 info using npm@4.1.2
3 info using node@v7.7.1
4 verbose stack Error: missing script: dev
4 verbose stack     at run (D:\Program Files\nodejs\node_modules\npm\lib\run-script.js:151:19)
4 verbose stack     at D:\Program Files\nodejs\node_modules\npm\lib\run-script.js:61:5
4 verbose stack     at D:\Program Files\nodejs\node_modules\npm\node_modules\read-package-json\read-json.js:356:5
4 verbose stack     at checkBinReferences_ (D:\Program Files\nodejs\node_modules\npm\node_modules\read-package-json\read-json.js:320:45)
4 verbose stack     at final (D:\Program Files\nodejs\node_modules\npm\node_modules\read-package-json\read-json.js:354:3)
4 verbose stack     at then (D:\Program Files\nodejs\node_modules\npm\node_modules\read-package-json\read-json.js:124:5)
4 verbose stack     at D:\Program Files\nodejs\node_modules\npm\node_modules\read-package-json\read-json.js:311:12
4 verbose stack     at D:\Program Files\nodejs\node_modules\npm\node_modules\graceful-fs\graceful-fs.js:78:16
4 verbose stack     at tryToString (fs.js:448:3)
4 verbose stack     at FSReqWrap.readFileAfterClose [as oncomplete] (fs.js:435:12)
5 verbose cwd f:\github\bugWatch
6 error Windows_NT 10.0.14393
7 error argv "D:\\Program Files\\nodejs\\node.exe" "D:\\Program Files\\nodejs\\node_modules\\npm\\bin\\npm-cli.js" "run" "dev"
8 error node v7.7.1
9 error npm  v4.1.2
10 error missing script: dev
11 error If you need help, you may report this error at:
11 error     <https://github.com/npm/npm/issues>
12 verbose exit [ 1, true ]
